[2025-03-13 07:38:31Z INFO HostContext] No proxy settings were found based on environmental variables (http_proxy/https_proxy/HTTP_PROXY/HTTPS_PROXY)
[2025-03-13 07:38:31Z INFO HostContext] Well known directory 'Bin': '/Users/nastastaricenko/my_project/labs/actions-runner/bin'
[2025-03-13 07:38:31Z INFO HostContext] Well known directory 'Root': '/Users/nastastaricenko/my_project/labs/actions-runner'
[2025-03-13 07:38:31Z INFO HostContext] Well known config file 'Credentials': '/Users/nastastaricenko/my_project/labs/actions-runner/.credentials'
[2025-03-13 07:38:32Z INFO HostContext] Well known directory 'Bin': '/Users/nastastaricenko/my_project/labs/actions-runner/bin'
[2025-03-13 07:38:32Z INFO HostContext] Well known directory 'Root': '/Users/nastastaricenko/my_project/labs/actions-runner'
[2025-03-13 07:38:32Z INFO HostContext] Well known config file 'Runner': '/Users/nastastaricenko/my_project/labs/actions-runner/.runner'
[2025-03-13 07:38:32Z INFO Listener] Runner is built for OSX (Arm64) - osx-arm64.
[2025-03-13 07:38:32Z INFO Listener] RuntimeInformation: Darwin 23.4.0 Darwin Kernel Version 23.4.0: Wed Feb 21 21:44:06 PST 2024; root:xnu-10063.101.15~2/RELEASE_ARM64_T8103.
[2025-03-13 07:38:32Z INFO Listener] Version: 2.322.0
[2025-03-13 07:38:32Z INFO Listener] Commit: 0edc478ca75d0a753dcbcec7405f3f26db67b1ac
[2025-03-13 07:38:32Z INFO Listener] Culture: ru-RU
[2025-03-13 07:38:32Z INFO Listener] UI Culture: ru-RU
[2025-03-13 07:38:32Z INFO HostContext] Well known directory 'Bin': '/Users/nastastaricenko/my_project/labs/actions-runner/bin'
[2025-03-13 07:38:32Z INFO HostContext] Well known directory 'Root': '/Users/nastastaricenko/my_project/labs/actions-runner'
[2025-03-13 07:38:32Z INFO Listener] Validating directory permissions for: '/Users/nastastaricenko/my_project/labs/actions-runner'
[2025-03-13 07:38:32Z INFO CommandLineParser] Parse
[2025-03-13 07:38:32Z INFO CommandLineParser] Parsing 1 args
[2025-03-13 07:38:32Z INFO CommandLineParser] parsing argument
[2025-03-13 07:38:32Z INFO CommandLineParser] HasArgs: False
[2025-03-13 07:38:32Z INFO CommandLineParser] Adding Command: run
[2025-03-13 07:38:32Z INFO Listener] Arguments parsed
[2025-03-13 07:38:32Z INFO Runner] ExecuteCommand
[2025-03-13 07:38:32Z INFO ConfigurationStore] currentAssemblyLocation: /Users/nastastaricenko/my_project/labs/actions-runner/bin/Runner.Listener.dll
[2025-03-13 07:38:32Z INFO HostContext] Well known directory 'Bin': '/Users/nastastaricenko/my_project/labs/actions-runner/bin'
[2025-03-13 07:38:32Z INFO ConfigurationStore] binPath: /Users/nastastaricenko/my_project/labs/actions-runner/bin
[2025-03-13 07:38:32Z INFO HostContext] Well known directory 'Bin': '/Users/nastastaricenko/my_project/labs/actions-runner/bin'
[2025-03-13 07:38:32Z INFO HostContext] Well known directory 'Root': '/Users/nastastaricenko/my_project/labs/actions-runner'
[2025-03-13 07:38:32Z INFO ConfigurationStore] RootFolder: /Users/nastastaricenko/my_project/labs/actions-runner
[2025-03-13 07:38:32Z INFO HostContext] Well known directory 'Bin': '/Users/nastastaricenko/my_project/labs/actions-runner/bin'
[2025-03-13 07:38:32Z INFO HostContext] Well known directory 'Root': '/Users/nastastaricenko/my_project/labs/actions-runner'
[2025-03-13 07:38:32Z INFO HostContext] Well known config file 'Runner': '/Users/nastastaricenko/my_project/labs/actions-runner/.runner'
[2025-03-13 07:38:32Z INFO ConfigurationStore] ConfigFilePath: /Users/nastastaricenko/my_project/labs/actions-runner/.runner
[2025-03-13 07:38:32Z INFO HostContext] Well known directory 'Bin': '/Users/nastastaricenko/my_project/labs/actions-runner/bin'
[2025-03-13 07:38:32Z INFO HostContext] Well known directory 'Root': '/Users/nastastaricenko/my_project/labs/actions-runner'
[2025-03-13 07:38:32Z INFO HostContext] Well known config file 'Credentials': '/Users/nastastaricenko/my_project/labs/actions-runner/.credentials'
[2025-03-13 07:38:32Z INFO ConfigurationStore] CredFilePath: /Users/nastastaricenko/my_project/labs/actions-runner/.credentials
[2025-03-13 07:38:32Z INFO HostContext] Well known directory 'Bin': '/Users/nastastaricenko/my_project/labs/actions-runner/bin'
[2025-03-13 07:38:32Z INFO HostContext] Well known directory 'Root': '/Users/nastastaricenko/my_project/labs/actions-runner'
[2025-03-13 07:38:32Z INFO HostContext] Well known config file 'MigratedCredentials': '/Users/nastastaricenko/my_project/labs/actions-runner/.credentials_migrated'
[2025-03-13 07:38:32Z INFO ConfigurationStore] MigratedCredFilePath: /Users/nastastaricenko/my_project/labs/actions-runner/.credentials_migrated
[2025-03-13 07:38:32Z INFO HostContext] Well known directory 'Bin': '/Users/nastastaricenko/my_project/labs/actions-runner/bin'
[2025-03-13 07:38:32Z INFO HostContext] Well known directory 'Root': '/Users/nastastaricenko/my_project/labs/actions-runner'
[2025-03-13 07:38:32Z INFO HostContext] Well known config file 'Service': '/Users/nastastaricenko/my_project/labs/actions-runner/.service'
[2025-03-13 07:38:32Z INFO ConfigurationStore] ServiceConfigFilePath: /Users/nastastaricenko/my_project/labs/actions-runner/.service
[2025-03-13 07:38:32Z INFO CommandSettings] Flag 'help': 'False'
[2025-03-13 07:38:32Z INFO CommandSettings] Flag 'version': 'False'
[2025-03-13 07:38:32Z INFO CommandSettings] Flag 'commit': 'False'
[2025-03-13 07:38:32Z INFO CommandSettings] Flag 'check': 'False'
[2025-03-13 07:38:32Z INFO CommandSettings] Command 'configure': 'False'
[2025-03-13 07:38:32Z INFO CommandSettings] Command 'remove': 'False'
[2025-03-13 07:38:32Z INFO CommandSettings] Command 'warmup': 'False'
[2025-03-13 07:38:32Z INFO ConfigurationManager] LoadSettings
[2025-03-13 07:38:32Z INFO ConfigurationStore] IsConfigured()
[2025-03-13 07:38:32Z INFO ConfigurationStore] IsConfigured: True
[2025-03-13 07:38:32Z INFO ConfigurationManager] Is configured: True
[2025-03-13 07:38:32Z INFO ConfigurationStore] Read setting file: 299 chars
[2025-03-13 07:38:32Z INFO ConfigurationManager] Settings Loaded
[2025-03-13 07:38:32Z INFO ConfigurationStore] IsServiceConfigured()
[2025-03-13 07:38:32Z INFO ConfigurationStore] IsServiceConfigured: False
[2025-03-13 07:38:32Z INFO CommandSettings] Command 'run': 'True'
[2025-03-13 07:38:32Z INFO ConfigurationStore] IsConfigured()
[2025-03-13 07:38:32Z INFO ConfigurationStore] IsConfigured: True
[2025-03-13 07:38:32Z INFO ConfigurationManager] Is configured: True
[2025-03-13 07:38:32Z INFO Runner] Could not parse the argument value '' for StartupType. Defaulting to Manual
[2025-03-13 07:38:32Z INFO Runner] Set runner startup type - Manual
[2025-03-13 07:38:32Z INFO CommandSettings] Flag 'once': 'False'
[2025-03-13 07:38:32Z INFO CommandSettings] Flag 'once': 'False'
[2025-03-13 07:38:32Z INFO Runner] RunAsync
[2025-03-13 07:38:32Z INFO ConfigurationManager] LoadSettings
[2025-03-13 07:38:32Z INFO ConfigurationStore] IsConfigured()
[2025-03-13 07:38:32Z INFO ConfigurationStore] IsConfigured: True
[2025-03-13 07:38:32Z INFO ConfigurationManager] Is configured: True
[2025-03-13 07:38:32Z INFO ConfigurationManager] Settings Loaded
[2025-03-13 07:38:32Z INFO MessageListener] {
  "AgentId": 2,
  "AgentName": "MacBook-Air-Nasta",
  "PoolId": 1,
  "PoolName": "Default",
  "ServerUrl": "https://pipelinesghubeus23.actions.githubusercontent.com/oPFr7aBIL7cUsDtoE0Ien4VteMS4nSOrv0kFexK95DyS1gG0ly/",
  "GitHubUrl": "https://github.com/nastyastar/labs",
  "WorkFolder": "_work"
}
[2025-03-13 07:38:32Z INFO MessageListener] Loading Credentials
[2025-03-13 07:38:32Z INFO ConfigurationStore] HasCredentials()
[2025-03-13 07:38:32Z INFO ConfigurationStore] stored True
[2025-03-13 07:38:32Z INFO CredentialManager] GetCredentialProvider
[2025-03-13 07:38:32Z INFO CredentialManager] Creating type OAuth
[2025-03-13 07:38:32Z INFO CredentialManager] Creating credential type: OAuth
[2025-03-13 07:38:32Z INFO HostContext] Well known directory 'Bin': '/Users/nastastaricenko/my_project/labs/actions-runner/bin'
[2025-03-13 07:38:32Z INFO HostContext] Well known directory 'Root': '/Users/nastastaricenko/my_project/labs/actions-runner'
[2025-03-13 07:38:32Z INFO HostContext] Well known config file 'RSACredentials': '/Users/nastastaricenko/my_project/labs/actions-runner/.credentials_rsaparams'
[2025-03-13 07:38:32Z INFO RSAFileKeyManager] Loading RSA key parameters from file /Users/nastastaricenko/my_project/labs/actions-runner/.credentials_rsaparams
[2025-03-13 07:38:32Z INFO MessageListener] Attempt to create session.
[2025-03-13 07:38:32Z INFO MessageListener] Connecting to the Runner Server...
[2025-03-13 07:38:32Z INFO RunnerServer] EstablishVssConnection
[2025-03-13 07:38:32Z INFO RunnerServer] Establish connection with 100 seconds timeout.
[2025-03-13 07:38:32Z INFO GitHubActionsService] Starting operation Location.GetConnectionData
[2025-03-13 07:38:32Z INFO RunnerServer] EstablishVssConnection
[2025-03-13 07:38:32Z INFO RunnerServer] Establish connection with 60 seconds timeout.
[2025-03-13 07:38:32Z INFO GitHubActionsService] Starting operation Location.GetConnectionData
[2025-03-13 07:38:32Z INFO RunnerServer] EstablishVssConnection
[2025-03-13 07:38:32Z INFO RunnerServer] Establish connection with 60 seconds timeout.
[2025-03-13 07:38:32Z INFO GitHubActionsService] Starting operation Location.GetConnectionData
[2025-03-13 07:38:32Z INFO GitHubActionsService] Finished operation Location.GetConnectionData
[2025-03-13 07:38:32Z INFO GitHubActionsService] Finished operation Location.GetConnectionData
[2025-03-13 07:38:32Z INFO GitHubActionsService] Finished operation Location.GetConnectionData
[2025-03-13 07:38:33Z INFO MessageListener] VssConnection created
[2025-03-13 07:38:33Z INFO Terminal] WRITE LINE: 
[2025-03-13 07:38:33Z INFO Terminal] WRITE LINE: 
[2025-03-13 07:38:33Z INFO RSAFileKeyManager] Loading RSA key parameters from file /Users/nastastaricenko/my_project/labs/actions-runner/.credentials_rsaparams
[2025-03-13 07:38:33Z INFO RSAFileKeyManager] Loading RSA key parameters from file /Users/nastastaricenko/my_project/labs/actions-runner/.credentials_rsaparams
[2025-03-13 07:38:33Z INFO GitHubActionsService] AAD Correlation ID for this token request: Unknown
[2025-03-13 07:38:33Z INFO MessageListener] Session created.
[2025-03-13 07:38:33Z INFO Terminal] WRITE LINE: Current runner version: '2.322.0'
[2025-03-13 07:38:33Z INFO Terminal] WRITE LINE: 2025-03-13 07:38:33Z: Listening for Jobs
[2025-03-13 07:38:33Z INFO JobDispatcher] Set runner/worker IPC timeout to 30 seconds.
[2025-03-13 07:38:34Z INFO RSAFileKeyManager] Loading RSA key parameters from file /Users/nastastaricenko/my_project/labs/actions-runner/.credentials_rsaparams
[2025-03-13 07:38:34Z INFO GitHubActionsService] AAD Correlation ID for this token request: Unknown
